2015-11-10 15:26:56 10fc InnoDB: Warning: Using innodb_additional_mem_pool_size is DEPRECATED. This option may be removed in future releases, together with the option innodb_use_sys_malloc and with the InnoDB's internal memory allocator.
2015-11-10 15:26:56 4348 [Note] InnoDB: Using mutexes to ref count buffer pool pages
2015-11-10 15:26:56 4348 [Note] InnoDB: The InnoDB memory heap is disabled
2015-11-10 15:26:56 4348 [Note] InnoDB: Mutexes and rw_locks use Windows interlocked functions
2015-11-10 15:26:56 4348 [Note] InnoDB: Memory barrier is not used
2015-11-10 15:26:56 4348 [Note] InnoDB: Compressed tables use zlib 1.2.3
2015-11-10 15:26:56 4348 [Note] InnoDB: Not using CPU crc32 instructions
2015-11-10 15:26:56 4348 [Note] InnoDB: Initializing buffer pool, size = 16.0M
2015-11-10 15:26:56 4348 [Note] InnoDB: Completed initialization of buffer pool
2015-11-10 15:26:56 4348 [Note] InnoDB: Highest supported file format is Barracuda.
2015-11-10 15:26:57 4348 [Note] InnoDB: 128 rollback segment(s) are active.
2015-11-10 15:26:57 4348 [Note] InnoDB: Waiting for purge to start
2015-11-10 15:26:57 4348 [Note] InnoDB:  Percona XtraDB (http://www.percona.com) 5.6.26-74.0 started; log sequence number 1835027
2015-11-10 15:26:57 6140 [Note] InnoDB: Dumping buffer pool(s) not yet started
2015-11-10 15:26:57 4348 [Note] Plugin 'FEEDBACK' is disabled.
2015-11-10 15:26:57 4348 [Note] Server socket created on IP: '::'.
2015-11-10 15:26:57 4348 [Note] Event Scheduler: Loaded 0 events
2015-11-10 15:26:57 4348 [Note] C:\xampp\mysql\bin\mysqld.exe: ready for connections.
Version: '10.1.8-MariaDB'  socket: ''  port: 3306  mariadb.org binary distribution
2015-11-10 15:27:11 5152 [Note] C:\xampp\mysql\bin\mysqld.exe: Normal shutdown

2015-11-10 15:27:11 5152 [Note] Event Scheduler: Purging the queue. 0 events
2015-11-10 15:27:11 5732 [Note] InnoDB: FTS optimize thread exiting.
2015-11-10 15:27:11 5152 [Note] InnoDB: Starting shutdown...
2015-11-10 15:27:13 5152 [Note] InnoDB: Shutdown completed; log sequence number 1835037
2015-11-10 15:27:13 5152 [Note] C:\xampp\mysql\bin\mysqld.exe: Shutdown complete

2019-06-03 12:00:20 3ee8 InnoDB: Warning: Using innodb_additional_mem_pool_size is DEPRECATED. This option may be removed in future releases, together with the option innodb_use_sys_malloc and with the InnoDB's internal memory allocator.
2019-06-03 12:00:20 16104 [Note] InnoDB: innodb_empty_free_list_algorithm has been changed to legacy because of small buffer pool size. In order to use backoff, increase buffer pool at least up to 20MB.

2019-06-03 12:00:20 16104 [Note] InnoDB: Using mutexes to ref count buffer pool pages
2019-06-03 12:00:20 16104 [Note] InnoDB: The InnoDB memory heap is disabled
2019-06-03 12:00:20 16104 [Note] InnoDB: Mutexes and rw_locks use Windows interlocked functions
2019-06-03 12:00:20 16104 [Note] InnoDB: _mm_lfence() and _mm_sfence() are used for memory barrier
2019-06-03 12:00:20 16104 [Note] InnoDB: Compressed tables use zlib 1.2.11
2019-06-03 12:00:20 16104 [Note] InnoDB: Using generic crc32 instructions
2019-06-03 12:00:20 16104 [Note] InnoDB: Initializing buffer pool, size = 16.0M
2019-06-03 12:00:20 16104 [Note] InnoDB: Completed initialization of buffer pool
2019-06-03 12:00:20 16104 [Note] InnoDB: Highest supported file format is Barracuda.
2019-06-03 12:00:20 16104 [Note] InnoDB: 128 rollback segment(s) are active.
2019-06-03 12:00:20 16104 [Note] InnoDB: Waiting for purge to start
2019-06-03 12:00:20 16104 [Note] InnoDB:  Percona XtraDB (http://www.percona.com) 5.6.43-84.3 started; log sequence number 1835037
2019-06-03 12:00:20 14840 [Note] InnoDB: Dumping buffer pool(s) not yet started
2019-06-03 12:00:20 16104 [Note] Plugin 'FEEDBACK' is disabled.
2019-06-03 12:00:20 16104 [Note] Server socket created on IP: '::'.
2019-06-03 12:00:20 16104 [Note] c:\github\data_base\xamp\mysql\bin\mysqld.exe: ready for connections.
Version: '10.1.39-MariaDB'  socket: ''  port: 3306  mariadb.org binary distribution
2019-06-03 12:01:08 3d80 InnoDB: Warning: Using innodb_additional_mem_pool_size is DEPRECATED. This option may be removed in future releases, together with the option innodb_use_sys_malloc and with the InnoDB's internal memory allocator.
2019-06-03 12:01:08 15744 [Note] InnoDB: innodb_empty_free_list_algorithm has been changed to legacy because of small buffer pool size. In order to use backoff, increase buffer pool at least up to 20MB.

2019-06-03 12:01:08 15744 [Note] InnoDB: Using mutexes to ref count buffer pool pages
2019-06-03 12:01:08 15744 [Note] InnoDB: The InnoDB memory heap is disabled
2019-06-03 12:01:08 15744 [Note] InnoDB: Mutexes and rw_locks use Windows interlocked functions
2019-06-03 12:01:08 15744 [Note] InnoDB: _mm_lfence() and _mm_sfence() are used for memory barrier
2019-06-03 12:01:08 15744 [Note] InnoDB: Compressed tables use zlib 1.2.11
2019-06-03 12:01:08 15744 [Note] InnoDB: Using generic crc32 instructions
2019-06-03 12:01:08 15744 [Note] InnoDB: Initializing buffer pool, size = 16.0M
2019-06-03 12:01:08 15744 [Note] InnoDB: Completed initialization of buffer pool
2019-06-03 12:01:08 15744 [Note] InnoDB: Highest supported file format is Barracuda.
2019-06-03 12:01:08 15744 [Note] InnoDB: The log sequence number 1835037 in ibdata file do not match the log sequence number 1835181 in the ib_logfiles!
2019-06-03 12:01:08 15744 [Note] InnoDB: Restoring possible half-written data pages from the doublewrite buffer...
2019-06-03 12:01:08 15744 [Note] InnoDB: 128 rollback segment(s) are active.
2019-06-03 12:01:08 15744 [Note] InnoDB: Waiting for purge to start
2019-06-03 12:01:08 15744 [Note] InnoDB:  Percona XtraDB (http://www.percona.com) 5.6.43-84.3 started; log sequence number 1835181
2019-06-03 12:01:08 8164 [Note] InnoDB: Dumping buffer pool(s) not yet started
2019-06-03 12:01:08 15744 [Note] Plugin 'FEEDBACK' is disabled.
2019-06-03 12:01:08 15744 [Note] Server socket created on IP: '::'.
2019-06-03 12:01:08 15744 [Note] c:\github\data_base\xamp\mysql\bin\mysqld.exe: ready for connections.
Version: '10.1.39-MariaDB'  socket: ''  port: 3306  mariadb.org binary distribution
2019-06-06 21:22:57 40f4 InnoDB: Warning: Using innodb_additional_mem_pool_size is DEPRECATED. This option may be removed in future releases, together with the option innodb_use_sys_malloc and with the InnoDB's internal memory allocator.
2019-06-06 21:22:57 16628 [Note] InnoDB: innodb_empty_free_list_algorithm has been changed to legacy because of small buffer pool size. In order to use backoff, increase buffer pool at least up to 20MB.

2019-06-06 21:22:57 16628 [Note] InnoDB: Using mutexes to ref count buffer pool pages
2019-06-06 21:22:57 16628 [Note] InnoDB: The InnoDB memory heap is disabled
2019-06-06 21:22:57 16628 [Note] InnoDB: Mutexes and rw_locks use Windows interlocked functions
2019-06-06 21:22:57 16628 [Note] InnoDB: _mm_lfence() and _mm_sfence() are used for memory barrier
2019-06-06 21:22:57 16628 [Note] InnoDB: Compressed tables use zlib 1.2.11
2019-06-06 21:22:57 16628 [Note] InnoDB: Using generic crc32 instructions
2019-06-06 21:22:57 16628 [Note] InnoDB: Initializing buffer pool, size = 16.0M
2019-06-06 21:22:57 16628 [Note] InnoDB: Completed initialization of buffer pool
2019-06-06 21:22:57 16628 [Note] InnoDB: Highest supported file format is Barracuda.
2019-06-06 21:22:57 16628 [Note] InnoDB: The log sequence number 1835037 in ibdata file do not match the log sequence number 1835191 in the ib_logfiles!
2019-06-06 21:22:57 16628 [Note] InnoDB: Restoring possible half-written data pages from the doublewrite buffer...
2019-06-06 21:22:57 16628 [Note] InnoDB: 128 rollback segment(s) are active.
2019-06-06 21:22:57 16628 [Note] InnoDB: Waiting for purge to start
2019-06-06 21:22:58 16628 [Note] InnoDB:  Percona XtraDB (http://www.percona.com) 5.6.43-84.3 started; log sequence number 1835191
2019-06-06 21:22:58 15284 [Note] InnoDB: Dumping buffer pool(s) not yet started
2019-06-06 21:22:58 16628 [Note] Plugin 'FEEDBACK' is disabled.
2019-06-06 21:22:58 16628 [Note] Server socket created on IP: '::'.
2019-06-06 21:22:58 16628 [Note] c:\github\data_base\xamp\mysql\bin\mysqld.exe: ready for connections.
Version: '10.1.39-MariaDB'  socket: ''  port: 3306  mariadb.org binary distribution
2019-06-06 21:46:12 2e08 InnoDB: Warning: Using innodb_additional_mem_pool_size is DEPRECATED. This option may be removed in future releases, together with the option innodb_use_sys_malloc and with the InnoDB's internal memory allocator.
2019-06-06 21:46:12 11784 [Note] InnoDB: innodb_empty_free_list_algorithm has been changed to legacy because of small buffer pool size. In order to use backoff, increase buffer pool at least up to 20MB.

2019-06-06 21:46:12 11784 [Note] InnoDB: Using mutexes to ref count buffer pool pages
2019-06-06 21:46:12 11784 [Note] InnoDB: The InnoDB memory heap is disabled
2019-06-06 21:46:12 11784 [Note] InnoDB: Mutexes and rw_locks use Windows interlocked functions
2019-06-06 21:46:12 11784 [Note] InnoDB: _mm_lfence() and _mm_sfence() are used for memory barrier
2019-06-06 21:46:12 11784 [Note] InnoDB: Compressed tables use zlib 1.2.11
2019-06-06 21:46:12 11784 [Note] InnoDB: Using generic crc32 instructions
2019-06-06 21:46:12 11784 [Note] InnoDB: Initializing buffer pool, size = 16.0M
2019-06-06 21:46:12 11784 [Note] InnoDB: Completed initialization of buffer pool
2019-06-06 21:46:12 11784 [Note] InnoDB: Highest supported file format is Barracuda.
2019-06-06 21:46:12 11784 [Note] InnoDB: The log sequence number 1835037 in ibdata file do not match the log sequence number 2563225 in the ib_logfiles!
2019-06-06 21:46:12 11784 [Note] InnoDB: Restoring possible half-written data pages from the doublewrite buffer...
2019-06-06 21:46:13 11784 [Note] InnoDB: 128 rollback segment(s) are active.
2019-06-06 21:46:13 11784 [Note] InnoDB: Waiting for purge to start
2019-06-06 21:46:13 11784 [Note] InnoDB:  Percona XtraDB (http://www.percona.com) 5.6.43-84.3 started; log sequence number 2563225
2019-06-06 21:46:13 10852 [Note] InnoDB: Dumping buffer pool(s) not yet started
2019-06-06 21:46:13 11784 [Note] Plugin 'FEEDBACK' is disabled.
2019-06-06 21:46:13 11784 [Note] Server socket created on IP: '::'.
2019-06-06 21:46:13 11784 [Note] c:\github\data_base\xamp\mysql\bin\mysqld.exe: ready for connections.
Version: '10.1.39-MariaDB'  socket: ''  port: 3306  mariadb.org binary distribution
